b bb b a b aaab ab b b bbaa 
baab b ba bbb a bbb a baaab b aa 
a bb bb b a ba aa ab bb aabab 
ba abaa bbba b ab a ab a b aaaba 
bb ababab ba aabb ab ba aab ab abb aa 
bb a abaa ab ab aaabaab bba ab ab a 
b b a bb a ab b b ababba b 
bb ab b a b baabbba aaa bbaaba aaaba baabab 
ababaabaa b bba b aabaa bbaaaabb abaaabaa aabb b bb 
a b b a a a bba aaaaa ab bbbbb 
baaaba abbb baa b ab a bb b a b 
aa ababb aababb bbab b ab aaab aabaab babbba b 
b b bb b bbbb aaaa ab aba aa b 
b ab b baba bbba b bbb babb bbb b 
b aa a aba ab b bb b aa a 
abb bab b a ba ab a a abba bb 
ababb b bb bbb bab b aa abbb bab baaaa 
b b b b b aa ba b ab a 
ab bba b bab ab ba bbb aa aaab aabb 
ab a aba b bab aa b aba abab b 
bb ba ab a baabbab baaab aa baba baa bbab 
a aaaa b bab aa b bbb ab b b 
aaba abaaabababbaababb bbbb ba a a b b b aaaba 
aababaabb b b b aaabb ab abbba bbaa ab abb 
aab b a abb bb b b b a baabb 
baaabbab b b ab ba baa ab b aba a 
b ab b ab bb a ab b aab b 
bbaa a a bbbb bb b abbab ab aaa aab 
abbbaa b ab babaab aab a b b baabbabaaab aab 
aa bb ab aa aab aab bab a baababb bab 
bbb b b baa bb b aaba bbb aaab a 
ba aabaab a ba baabba abbb abba bbb b b 
a b aab b abb bbb ab bab b babaa 
b b babbb b aaaaab bab bba ba bab ababab 
ab b ba bbb bbba bbb a ba babaaa aabbabb 
bb bb a ab b bb aabab ab bbab a 
b b a b aabb b a b b aabb 
aaaa baab ab bb ab aaab ba b bb baab 
b b b bb b b ab b baaaa b 
aabbbba baabb a bbbaabab bbbb abba babbabaa baabb ab abbbbb 
abab b b a b ba aaabab babab b bb 
b aaaaaaa b ba bb bb aa b b bb 
b b bbbb bb b b babb b bbababb bbb 
ab bb aaaabbaba bbbb b bb b ab babbba ab 
ba aba ba aba aaabb bb b a a aa 
b b b b aba aabbaab a ab aaa bb 
b a abaab b b a bab aab bb bbb 
bb ab ba b bb a bb a b aa 
abbbaab bb b babb baabbb b ab a bb aaab 
ab a bbb b bbb bab abbbb abb b bba 
abba bab babb a babb aaba b ab a bbaa 
a b ba b b bbb ba b ab a 
ab abb b bb aba bab b baaaa aaab bb 
ba b ab abaaaaa a bbb ab b aba aaa 
ba b b b abbabab bbab b a aaab aa 
b bbbb b b b ba b b aab abb 
bbaaba b aaab aaab aa a b b b a 
bbaab bbaab b ab bb b ab b b ba 
bb b bba bbaa ba b abb babaaaaa b b 
b b bb bbaaab abab ab aa abbaab abab aaaaba 
abba baa abbaababbb baa abbaab bb a a aaab a 
b b bb b b ab bb b babbaa aabbbaa 
aabaab b b a babb bba b babbbb bb ab 
babb bbbabb bb ab ab b aaaaabbab b abbb ab 
b bbb a b bbb ab babb bbbb babb bab 
b a a bbbb bbab b aabb ba ba babab 
aaaa bbb ba ab aabb b aa b a bab 
abaaabab ababab aaaa ba b b ab b abab bb 
aabb aabbbabb aabb bbab bbab abaabaabbaa b ab ab abab 
bbabb bbb bba b bb babab ba b b b 
baabaaba aaa a b b baab aab aa baab b 
b abbbabbab bbaabba b bb b abaa b bbb aaaaa 
aaabb bab bab b abbbab ab a b abb b 
bab b b bb b ba b aaaaba abab a 
b bb b bbab aa bb b a ab aabaab 
bb bab b aaa b baa a b aaaabaaba bbb 
a ba ba aaaba ab abaab b a ab b 
ababb b b bab bbbb b bb baaaab b bb 
ababbbbab aaabb a aaab b bbba ab aab bb ba 
b b ba bbb b ba ab b b b 
bab b b b b a b ab abbb bb 
b bbbbbab ba a a ab bb b ab b 
aabbab ba ab b bbb a abb abb b ab 
aab ba b baba a a bbabb bb bb aba 
ba aab b b b b a ab abba b 
b bb bbb a a a aa b ab a 
b b ab abb aba b b babaab b b 
a b bbbab bbbabb b b b b bbbb ab 
b ab bab bba aaa bbbbaab aabbab a babb bbbab 
aaaabb b aa b abb bba a b ab bb 
b ba abbab b a bbbbb ab b b abb 
bb b bb baa aa b abbbb b a b 
ab aab b bb bbbbaabaabb a a bb aab baaa 
bbb b b bb b a baaa b bbb abbbbbbbb 
baaaabab babbbb baaab ab bab b b ba ab b 
b bbaaa aaabb b b b bbbbb b bb aababa 
aab bb abba baaaaaaaab a ab b ab aa a 
b b baaaabbba b baa bbbbbb ab abaaa aab ba 
baabbbabbbb ba b b b b a a b aa 
aa a abbaa aa bbaa b aabb ba aaaa b 
