ba ba bbabbaa bbaaabbabb abbbaba ba baaa aa ba aaabaa 
aaaa ab bababbbabbbababbba bbabbbabbababa aa bbabba abaa aaaba baaaabbbbbbbabaaaa ababababb 
bbbaa ba aba babbbbaaabbba aaabbba bbba baaabba babbbba aaaa aa 
aababababaaa aaabaaaa aa aa abbbabbb baa ba bababab bbbbbbba baabbbbbabbbbba 
abbabab aabbbbb baabaa aaaaa aaaabaaa babbb baaaaaaaaaaaaaaa aa aba aaa 
babbaaa aababaaba ab babababab bbbba ababaaa aaaaaa ba abbabb baba 
bbbbaa abaabb ab ababaa ababba aaaaaaa baa ababa ababab ba 
aaaaabaaa bbabaaaba aabaaba abba aabaaaa bab abbbabb aaabab aabbbbbbbbbbbaabb ab 
abbabababb baba ba aa aa ababab aa ababbba abaab aa 
aa babbaa aab bbbbbaa abaa bbbabbbabbbabbb bb aaaa bbbbba aba 
aabbababba ba abbbbbabba baa babba bbba baaabaaaba baab abaa abbabbbaa 
aaa bb bbb aaaaaa bbababa abababbb babbbaa abaa babbba bba 
aaabbbbbbbabbbbbabbbbbbbaaaa abbbaba abbaabbabababbaabbab aa abbb aaabba ba abbabb bbbababab ab 
aa bbbbbba aabaaab baaaba aba aaba babbbabba aab abbbbaaabbbbaaaa babaaaaa 
aabbbaaa aaabbabbbbbaaabbbbbabbaaab baaababbabbbabbabaaabb ababa bbbb babaa bbaaabbbbbbaa aa abab baaa 
bababba baa bbbabbbabb bbbba ababba abaa aaabb aaaaab babb ababaa 
aaaababbbabaaaabbbaa bbbbbbaab baababa baabba aaabaa bbabba ababba abbababbaa baa aaab 
ab bbaaaabbbaaaabba aabbb baaabba bbababbb abaa aaa aaba babaa ab 
aaaabbb babbbbbabba baaaaaaaaaaabba ba abba baba babbbaa baa aabbba ababa 
abababa aaaaabaaa aabaaa aaaaaa aa bbaaabaaaaabaaabbaa abaa ab abbb bab 
bbba aabaaa aaa bbbbab abbabbbabb bbba bab baab aababa bbbbbbbbbbb 
bababba bbba abbabbaa bab aaa bbabaa ababab abbba bbabbbb baab 
aaaa abba babababb aaaba bbb bbbba aaaa baaa bab bbbaba 
abbb aaaa ab bababbbbb ababa baabbabbaabb bb ababb bbba babab 
babaaababa aaaa aabaaaaabaaabbbba aaaa baba aa ba bababbba abbbaba abababaa 
ab ba ab baa ababa aabaaba aababaabbba aa abbbabbb aababaaa 
aabaaa ba aaaba bbba aaba aaaaabaaabaa aabaaaaaaaba ab abababababba aa 
aaabaaaaabaaaa ababaa bba aa abaaba baba bbaaab babbbbbbbbbbbbbaba aabaabbabaa abab 
aaab aababaaaa ba abaa baabba abababab ab babbbabaaab bbbaba ab 
babababa aa aabbababb abaaa aab babbaa aaabbaa aaaabaa abbbaabaa baaa 
aa abaaaa ab bbbbbbbbbb aa abaa bababa bb bbbbba aaaa 
aaaaaaaa babbbabbbabb baaabaa ba babbbb aabbbabaaababbbaabbbba bbaa aabbbaaabbba babbb babb 
aab bbabbbbbab aaaaabaa babbaaa ba baabababaabbabb aaabaaaba abbabb abbbab aaabaaabaa 
babababb babbabababb bbaabaabbbbba bbbaaabbbbba babaabbbaab ba abaaabaaabaa aa bbbabbaaaaabbabbba bbaaba 
ba babaa aa bbabaa aaaaa abaaaaaaab babbabbaba bbaabbbaaaaaaaaabbba aa aababbb 
babbbabaa baa ab bbabababababba bbbba bab aabbbaaaba bbbbba abba baaa 
baba bbbb bba abab baa abbbabba bbbbbbbaa bbba aa aabababaaa 
bbbbba aa aaaaabbbbaa baa bba baba abbb aaba aa baabbabaaabbabaababaababbaaababba 
bbbbba babab aabbbbbbbbba ba aaaaaa baabaaba bbaabab bab abbba aaab 
abbbbabb ba aaab aa abaa bbbabbaa bababbbaa ab baba bb 
aba aa bababbaabba babaabaababa baaabaaabaaaba baab aaabab bbaaabba bbbba ba 
bbbbbbba aaaaaba ba ba abbba aababaaaab aaaaaaaaaaabab bbaaabbb ba aaaababbaa 
bb baba bb bbaababaabba abbbaa aaaba bbab abbabbbba ba bbbaa 
aa aaa bbbbbba aabababa abbaaabb ab ba baba bb aaaaaa 
bbbbabbbbaaa aaaaa aa ababbba aaaa ba abab bbab aaab baaabbbaaabbbabaa 
abaa babaaa baaaa abbbabb abaaaba abaabbbaababa bab baba aa baababa 
babaaabbbabbbaaa baba baba baba bbba aa aaaba aaabbbbbb baaaba baaab 
bbbbba aaabbaa bbb babba abbbbbbaaaabbbaaaabbbbbbaba babbbba bbababababbbaa aaabbababba ababaa aa 
abaaba baba bbba ab ba aabaab abaaabaa babababa abaaabaaabaaba baabab 
bbba babbba babb ba baaaaaba bbbbba ba bbba aabba aaaa 
bbba ba abab aabaaab aaaa abaa aa aa ab aa 
bbab ba abbbbabbbb bababa babba ba aabbababa aaaaaaaaaabba bababa bbba 
aaaa bbbbbbbbbb abaababaabaa bbabba aabbaabbbbb aaa bb baba aa abbbbbaa 
bbbbba aa baaabbaaaa ba bab babbababbaba aaaba ab bbabaabbbbbaababbaa baa 
baabbbbbaabbbb aa bbbbababbbba abbabababb abbbaa bbbaa aaaaaa abbbbbbb aa ababaab 
baaabaa bbabba aa bbba ba bababb baaaaa abaaabaa ababaa bbabbaa 
baaabaa aabaaaaaaaaaaab abbbaaaa baba ba abaa bba ba abb baaabaa 
ab babbbaba ba bab babbbbbabba abbaaabb aaabba ba abbb bb 
aa ba abbb aaabaa babbbbbbbbbbbbb aaabaa ab ab babbb aaaa 
abbbab bba aabaaba ba bbaaaa aa abbbba aaaaaa bbaaabbb babaaababbab 
abbbaba ba bbbbbba abaabbbaab aa baa aaaa babbbbab ba bbaaab 
aab aaaaab aaaaa bb aaab ab aabbabba ba abb bbbbbbba 
aba abaa bbbbbb abaabba baba babaaaaaaababbba baaaabaaa aaaa baaa baaaba 
aaaabbbaaaaa bbabbab abababa aaaaabbbbbaaaaabaabbaababba ab bba baaaaabba aa baababa aba 
baaaba abaa aab aaabb aabbababbaaa bababa abaa bbbb abaaababba abbbabbb 
baa aaaaabaa abbbaba bba bbbaaaaabbbb baba abbabbaa baababbabbaba ba aabababababa 
aaaaab aaab bababa aaaabaa abbbbaa babb aa bbbbaaabbbba bbaaabbbbbaa ba 
abbbabbbaaaa ba baba abbbabbbbb aabaa aaaaaa ababba aaa aabaaa aab 
baba babb babba bbbaa aaa baa baab aabbab baab aaaba 
aba bbbbabbb abab abaa bbab bbabbabb bbaaaaabbbbbba aabbba aaabaaaaabaaaa ab 
bbbbabbaabaaaaabaabbabbbbba abbbab abaabbbaabaabbb abbbb abbb ababaaa aa baaa bbbbb bbba 
babbbbbabb bababababa abaa abbbaa aaabbbbbaa ba ba ab abababa bbba 
abbbbbab aabaabbbbba abbbaaa abbbaaba baabbababba abbaabbabb bbbbbbbbb ab bba aa 
ba aa bbbaaabbbaaabbba baaba aaaaaaaaabbaaba bbbaaabbba bbaaabbaa bbbb ba bb 
aabbbaaaa aa abbbaa bba aa aabbbbbabbbbbaabaa baabab aabaaa baaaaa ab 
baba abbababbaa ababaa ba abaaabab aabbbbbbbaaa aaaa abbaaabbabb baba bbabbabaa 
ba aa aabaaa ab baabaababb bbab babbbaba abaaa bbba bba 
abb babababa ba ab aabbbaaaba bb aabababa abbba ababa babaaaaa 
ba abba abbaabaabb abbbab abbabbabbabbaa baba abab aaabaa bbaa bbabbba 
aa bb baabbbaaba bbbab ba bababa ba bbbba baaaaabbba baba 
bbbb abaaa abaaaaaaabaa aaaa ab abbaab abbbabbb aaaa bbba babbbbbaba 
aa baaabaa bbbbabb babababa aabaa bbbb ba aba abb bbbabbbbaab 
bbbbba ababbbbbab abbbabbb bbbbbbbbaa bab aabab aaaa ab aa aabaaba 
abbbaa abbbaa baaabaa abab abbbaba bababa bababba aaaa baaabababa aba 
baaa baaaaabababa aaba ababab abba ba aa baa bbaababa ababa 
baabbb aabaab aa aa baba abaaaabbbbbaaaabab bbbabbbba bbbabababababbba abbabb bbaaa 
aabaaaaba ba aaaaaaaba ba baaaaaa bbbbba baba ab bbbaaaa aaaaaaaa 
babbaa babbbba aaaa aaab aa baba abaa aa ba bbba 
ababa aaaa abaa babaa ababa aaabaaababa aa abaaba baba abba 
baba bb aaaaaaaaaa abbbaa ab abbb ab aaaaabab aa baaa 
bababb babaaa bbb bababb baabaabbb aababa aa bbbbbbbbbbbaa bbababbabbababbba abba 
baaabba babaaa aab aa babbbabbb aabaaba ba abbaaabbaaa aaaa ba 
aabab aaabbaba abaaba baaabbbba baaa aabaaa aaba aa bbbba baa 
baa baabaaabaabba bbaaabaaabba baaaabbba ba aaa aaaaaa ba aa ababa 
abbaaabb ab aaabaa bbbaa aba bbaa babb baabbabba aaabaa abbb 
aaaaaaababaaaaaa abaa bbb ababa abbaaabbaa bbaaab aab aabbba aaaaabb bbbba 
aabbbbaaabbaabaabb aa aab abbababb abaaaaab aaaaaaabaabab ab bababaa bbbabaaa aaaaabbaa 
aaa aaaababababaaaaab bbbba aaaa ba baba abab ba baab aaaa 
abbabbaaa aba aa bbb ba abaa bababbbba aaabaaaaa baba aaaa 
aa bbabba bbbbba ababbbbb aaaaaa abbbbbaab aa bbba abbabb bbbab 
